0 info it worked if it ends with ok
1 verbose cli [ '/Users/mfoyle/.nvm/versions/node/v7.7.2/bin/node',
1 verbose cli   '/Users/mfoyle/.nvm/versions/node/v7.7.2/bin/npm',
1 verbose cli   'start' ]
2 info using npm@4.1.2
3 info using node@v7.7.2
4 verbose stack Error: missing script: start
4 verbose stack     at run (/Users/mfoyle/.nvm/versions/node/v7.7.2/lib/node_modules/npm/lib/run-script.js:151:19)
4 verbose stack     at /Users/mfoyle/.nvm/versions/node/v7.7.2/lib/node_modules/npm/lib/run-script.js:61:5
4 verbose stack     at /Users/mfoyle/.nvm/versions/node/v7.7.2/lib/node_modules/npm/node_modules/read-package-json/read-json.js:356:5
4 verbose stack     at checkBinReferences_ (/Users/mfoyle/.nvm/versions/node/v7.7.2/lib/node_modules/npm/node_modules/read-package-json/read-json.js:320:45)
4 verbose stack     at final (/Users/mfoyle/.nvm/versions/node/v7.7.2/lib/node_modules/npm/node_modules/read-package-json/read-json.js:354:3)
4 verbose stack     at then (/Users/mfoyle/.nvm/versions/node/v7.7.2/lib/node_modules/npm/node_modules/read-package-json/read-json.js:124:5)
4 verbose stack     at /Users/mfoyle/.nvm/versions/node/v7.7.2/lib/node_modules/npm/node_modules/read-package-json/read-json.js:311:12
4 verbose stack     at /Users/mfoyle/.nvm/versions/node/v7.7.2/lib/node_modules/npm/node_modules/graceful-fs/graceful-fs.js:78:16
4 verbose stack     at tryToString (fs.js:448:3)
4 verbose stack     at FSReqWrap.readFileAfterClose [as oncomplete] (fs.js:435:12)
5 verbose cwd /Users/mfoyle/repos/twilio-moltin
6 error Darwin 17.0.0
7 error argv "/Users/mfoyle/.nvm/versions/node/v7.7.2/bin/node" "/Users/mfoyle/.nvm/versions/node/v7.7.2/bin/npm" "start"
8 error node v7.7.2
9 error npm  v4.1.2
10 error missing script: start
11 error If you need help, you may report this error at:
11 error     <https://github.com/npm/npm/issues>
12 verbose exit [ 1, true ]
